生成启动时间为 2018/11/18 9:16:49。
     1>项目“F:\E盘--授课\课程讲授\普高教育\18-19第一学期\数据结构\学习单元6\实例\基本算法\邻接表\图的遍历--邻接表\图的遍历--邻接表\图的遍历--邻接表.vcxproj”在节点 2 上(build 个目标)。
     1>PrepareForBuild:
         正在创建目录“F:\E盘--授课\课程讲授\普高教育\18-19第一学期\数据结构\学习单元6\实例\基本算法\邻接表\图的遍历--邻接表\Debug\”。
       InitializeBuildStatus:
         正在创建“Debug\图的遍历--邻接表.unsuccessfulbuild”，因为已指定“AlwaysCreate”。
       ClCompile:
         C:\Program Files (x86)\Microsoft Visual Studio 10.0\VC\bin\CL.exe /c /ZI /nologo /W3 /WX- /Od /Oy- /D WIN32 /D _DEBUG /D _CONSOLE /D _UNICODE /D UNICODE /Gm /EHsc /RTC1 /MDd /GS /fp:precise /Zc:wchar_t /Zc:forScope /Fo"Debug\\" /Fd"Debug\vc100.pdb" /Gd /TP /analyze- /errorReport:prompt ALGraph.cpp ALGraphmain.cpp
         ALGraphmain.cpp
         ALGraph.cpp
         正在生成代码...
       ManifestResourceCompile:
         C:\Program Files (x86)\Microsoft SDKs\Windows\v7.0A\bin\rc.exe /nologo /fo"Debug\图的遍历--邻接表.exe.embed.manifest.res" "Debug\图的遍历--邻接表_manifest.rc" 
       Link:
         C:\Program Files (x86)\Microsoft Visual Studio 10.0\VC\bin\link.exe /ERRORREPORT:PROMPT /OUT:"F:\E盘--授课\课程讲授\普高教育\18-19第一学期\数据结构\学习单元6\实例\基本算法\邻接表\图的遍历--邻接表\Debug\图的遍历--邻接表.exe" /INCREMENTAL /NOLOGO kernel32.lib user32.lib gdi32.lib winspool.lib comdlg32.lib advapi32.lib shell32.lib ole32.lib oleaut32.lib uuid.lib odbc32.lib odbccp32.lib /MANIFEST /ManifestFile:"Debug\图的遍历--邻接表.exe.intermediate.manifest" /MANIFESTUAC:"level='asInvoker' uiAccess='false'" /DEBUG /PDB:"F:\E盘--授课\课程讲授\普高教育\18-19第一学期\数据结构\学习单元6\实例\基本算法\邻接表\图的遍历--邻接表\Debug\图的遍历--邻接表.pdb" /SUBSYSTEM:CONSOLE /TLBID:1 /DYNAMICBASE /NXCOMPAT /IMPLIB:"F:\E盘--授课\课程讲授\普高教育\18-19第一学期\数据结构\学习单元6\实例\基本算法\邻接表\图的遍历--邻接表\Debug\图的遍历--邻接表.lib" /MACHINE:X86 "Debug\图的遍历--邻接表.exe.embed.manifest.res"
         Debug\ALGraph.obj
         Debug\ALGraphmain.obj
       Manifest:
         C:\Program Files (x86)\Microsoft SDKs\Windows\v7.0A\bin\mt.exe /nologo /verbose /out:"Debug\图的遍历--邻接表.exe.embed.manifest" /manifest "Debug\图的遍历--邻接表.exe.intermediate.manifest"
         C:\Program Files (x86)\Microsoft SDKs\Windows\v7.0A\bin\rc.exe /nologo /fo"Debug\图的遍历--邻接表.exe.embed.manifest.res" "Debug\图的遍历--邻接表_manifest.rc" 
       LinkEmbedManifest:
         C:\Program Files (x86)\Microsoft Visual Studio 10.0\VC\bin\link.exe /ERRORREPORT:PROMPT /OUT:"F:\E盘--授课\课程讲授\普高教育\18-19第一学期\数据结构\学习单元6\实例\基本算法\邻接表\图的遍历--邻接表\Debug\图的遍历--邻接表.exe" /INCREMENTAL /NOLOGO kernel32.lib user32.lib gdi32.lib winspool.lib comdlg32.lib advapi32.lib shell32.lib ole32.lib oleaut32.lib uuid.lib odbc32.lib odbccp32.lib /MANIFEST /ManifestFile:"Debug\图的遍历--邻接表.exe.intermediate.manifest" /MANIFESTUAC:"level='asInvoker' uiAccess='false'" /DEBUG /PDB:"F:\E盘--授课\课程讲授\普高教育\18-19第一学期\数据结构\学习单元6\实例\基本算法\邻接表\图的遍历--邻接表\Debug\图的遍历--邻接表.pdb" /SUBSYSTEM:CONSOLE /TLBID:1 /DYNAMICBASE /NXCOMPAT /IMPLIB:"F:\E盘--授课\课程讲授\普高教育\18-19第一学期\数据结构\学习单元6\实例\基本算法\邻接表\图的遍历--邻接表\Debug\图的遍历--邻接表.lib" /MACHINE:X86 "Debug\图的遍历--邻接表.exe.embed.manifest.res"
         Debug\ALGraph.obj
         Debug\ALGraphmain.obj
         图的遍历--邻接表.vcxproj -> F:\E盘--授课\课程讲授\普高教育\18-19第一学期\数据结构\学习单元6\实例\基本算法\邻接表\图的遍历--邻接表\Debug\图的遍历--邻接表.exe
       FinalizeBuildStatus:
         正在删除文件“Debug\图的遍历--邻接表.unsuccessfulbuild”。
         正在对“Debug\图的遍历--邻接表.lastbuildstate”执行 Touch 任务。
     1>已完成生成项目“F:\E盘--授课\课程讲授\普高教育\18-19第一学期\数据结构\学习单元6\实例\基本算法\邻接表\图的遍历--邻接表\图的遍历--邻接表\图的遍历--邻接表.vcxproj”(build 个目标)的操作。

生成成功。

已用时间 00:00:02.32
