生成启动时间为 2018/11/18 9:05:46。
     1>项目“F:\E盘--授课\课程讲授\普高教育\18-19第一学期\数据结构\学习单元6\实例\基本算法\邻接矩阵\邻接矩阵--图遍历\邻接矩阵--图遍历\邻接矩阵--图遍历.vcxproj”在节点 2 上(build 个目标)。
     1>PrepareForBuild:
         正在创建目录“F:\E盘--授课\课程讲授\普高教育\18-19第一学期\数据结构\学习单元6\实例\基本算法\邻接矩阵\邻接矩阵--图遍历\Debug\”。
       InitializeBuildStatus:
         正在创建“Debug\邻接矩阵--图遍历.unsuccessfulbuild”，因为已指定“AlwaysCreate”。
       ClCompile:
         C:\Program Files (x86)\Microsoft Visual Studio 10.0\VC\bin\CL.exe /c /ZI /nologo /W3 /WX- /Od /Oy- /D WIN32 /D _DEBUG /D _CONSOLE /D _UNICODE /D UNICODE /Gm /EHsc /RTC1 /MDd /GS /fp:precise /Zc:wchar_t /Zc:forScope /Fo"Debug\\" /Fd"Debug\vc100.pdb" /Gd /TP /analyze- /errorReport:prompt MGraph.cpp MGraphmain.cpp
         MGraphmain.cpp
         MGraph.cpp
         正在生成代码...
       ManifestResourceCompile:
         C:\Program Files (x86)\Microsoft SDKs\Windows\v7.0A\bin\rc.exe /nologo /fo"Debug\邻接矩阵--图遍历.exe.embed.manifest.res" "Debug\邻接矩阵--图遍历_manifest.rc" 
       Link:
         C:\Program Files (x86)\Microsoft Visual Studio 10.0\VC\bin\link.exe /ERRORREPORT:PROMPT /OUT:"F:\E盘--授课\课程讲授\普高教育\18-19第一学期\数据结构\学习单元6\实例\基本算法\邻接矩阵\邻接矩阵--图遍历\Debug\邻接矩阵--图遍历.exe" /INCREMENTAL /NOLOGO kernel32.lib user32.lib gdi32.lib winspool.lib comdlg32.lib advapi32.lib shell32.lib ole32.lib oleaut32.lib uuid.lib odbc32.lib odbccp32.lib /MANIFEST /ManifestFile:"Debug\邻接矩阵--图遍历.exe.intermediate.manifest" /MANIFESTUAC:"level='asInvoker' uiAccess='false'" /DEBUG /PDB:"F:\E盘--授课\课程讲授\普高教育\18-19第一学期\数据结构\学习单元6\实例\基本算法\邻接矩阵\邻接矩阵--图遍历\Debug\邻接矩阵--图遍历.pdb" /SUBSYSTEM:CONSOLE /TLBID:1 /DYNAMICBASE /NXCOMPAT /IMPLIB:"F:\E盘--授课\课程讲授\普高教育\18-19第一学期\数据结构\学习单元6\实例\基本算法\邻接矩阵\邻接矩阵--图遍历\Debug\邻接矩阵--图遍历.lib" /MACHINE:X86 "Debug\邻接矩阵--图遍历.exe.embed.manifest.res"
         Debug\MGraph.obj
         Debug\MGraphmain.obj
       Manifest:
         C:\Program Files (x86)\Microsoft SDKs\Windows\v7.0A\bin\mt.exe /nologo /verbose /out:"Debug\邻接矩阵--图遍历.exe.embed.manifest" /manifest "Debug\邻接矩阵--图遍历.exe.intermediate.manifest"
         C:\Program Files (x86)\Microsoft SDKs\Windows\v7.0A\bin\rc.exe /nologo /fo"Debug\邻接矩阵--图遍历.exe.embed.manifest.res" "Debug\邻接矩阵--图遍历_manifest.rc" 
       LinkEmbedManifest:
         C:\Program Files (x86)\Microsoft Visual Studio 10.0\VC\bin\link.exe /ERRORREPORT:PROMPT /OUT:"F:\E盘--授课\课程讲授\普高教育\18-19第一学期\数据结构\学习单元6\实例\基本算法\邻接矩阵\邻接矩阵--图遍历\Debug\邻接矩阵--图遍历.exe" /INCREMENTAL /NOLOGO kernel32.lib user32.lib gdi32.lib winspool.lib comdlg32.lib advapi32.lib shell32.lib ole32.lib oleaut32.lib uuid.lib odbc32.lib odbccp32.lib /MANIFEST /ManifestFile:"Debug\邻接矩阵--图遍历.exe.intermediate.manifest" /MANIFESTUAC:"level='asInvoker' uiAccess='false'" /DEBUG /PDB:"F:\E盘--授课\课程讲授\普高教育\18-19第一学期\数据结构\学习单元6\实例\基本算法\邻接矩阵\邻接矩阵--图遍历\Debug\邻接矩阵--图遍历.pdb" /SUBSYSTEM:CONSOLE /TLBID:1 /DYNAMICBASE /NXCOMPAT /IMPLIB:"F:\E盘--授课\课程讲授\普高教育\18-19第一学期\数据结构\学习单元6\实例\基本算法\邻接矩阵\邻接矩阵--图遍历\Debug\邻接矩阵--图遍历.lib" /MACHINE:X86 "Debug\邻接矩阵--图遍历.exe.embed.manifest.res"
         Debug\MGraph.obj
         Debug\MGraphmain.obj
         邻接矩阵--图遍历.vcxproj -> F:\E盘--授课\课程讲授\普高教育\18-19第一学期\数据结构\学习单元6\实例\基本算法\邻接矩阵\邻接矩阵--图遍历\Debug\邻接矩阵--图遍历.exe
       FinalizeBuildStatus:
         正在删除文件“Debug\邻接矩阵--图遍历.unsuccessfulbuild”。
         正在对“Debug\邻接矩阵--图遍历.lastbuildstate”执行 Touch 任务。
     1>已完成生成项目“F:\E盘--授课\课程讲授\普高教育\18-19第一学期\数据结构\学习单元6\实例\基本算法\邻接矩阵\邻接矩阵--图遍历\邻接矩阵--图遍历\邻接矩阵--图遍历.vcxproj”(build 个目标)的操作。

生成成功。

已用时间 00:00:03.80
